<?xml version="1.0" encoding="UTF-8"?>
<testng-results skipped="0" failed="0" total="1" passed="1">
  <reporter-output>
  </reporter-output>
  <suite name="A" duration-ms="41" started-at="2014-11-10T07:41:37Z" finished-at="2014-11-10T07:41:37Z">
    <groups>
    </groups>
    <test name="FirefoxTest" duration-ms="41" started-at="2014-11-10T07:41:37Z" finished-at="2014-11-10T07:41:37Z">
      <class name="junkinProject1.FirstJunkinTest">
        <test-method status="PASS" signature="firstTest()[pri:0, instance:junkinProject1.FirstJunkinTest@1d2940b3]" name="firstTest" duration-ms="16" started-at="2014-11-10T13:11:37Z" finished-at="2014-11-10T13:11:37Z">
          <reporter-output>
          </reporter-output>
        </test-method> <!-- firstTest -->
      </class> <!-- junkinProject1.FirstJunkinTest -->
    </test> <!-- FirefoxTest -->
  </suite> <!-- A -->
</testng-results>
